Arguments: 
  C:\Program Files\nodejs\node.exe C:\Program Files (x86)\Yarn\bin\yarn.js add --dev tailwindcss

PATH: 
  C:\Users\davij\bin;C:\Program Files\Git\mingw64\bin;C:\Program Files\Git\usr\local\bin;C:\Program Files\Git\usr\bin;C:\Program Files\Git\usr\bin;C:\Program Files\Git\mingw64\bin;C:\Program Files\Git\usr\bin;C:\Users\davij\bin;C:\Python310\Scripts;C:\Python310;C:\Program Files\nodejs;C:\ProgramData\chocolatey\bin;C:\Program Files\NVIDIA Corporation\NVIDIA NvDLISR;C:\Program Files (x86)\NVIDIA Corporation\PhysX\Common;C:\Program Files\Java\jdk-11.0.15\bin;C:\Program Files\Java\jdk-11.0.15;C:\Strawberry\c\bin;C:\Strawberry\perl\site\bin;C:\Strawberry\perl\bin;C:\WINDOWS\system32;C:\WINDOWS;C:\WINDOWS\System32\Wbem;C:\WINDOWS\System32\WindowsPowerShell\v1.0;C:\WINDOWS\System32\OpenSSH;C:\Program Files\Git\cmd;C:\Program Files (x86)\Yarn\bin;C:\Users\davij\AppData\Local\Programs\Python\Python39\Scripts;C:\Users\davij\AppData\Local\Programs\Python\Python39;C:\Users\davij\AppData\Local\Programs\Microsoft VS Code\bin;C:\Users\davij\AppData\Local\Microsoft\WindowsApps;C:\Users\davij\AppData\Roaming\npm;C:\Program Files\Java\jdk-11.0.15\bin;C:\Program Files\Java\jdk-11.0.15;C:\Users\davij\AppData\Roaming\cabal\bin;C:\tools\ghc-9.2.3\bin;C:\Users\davij\AppData\Local\Yarn\bin;C:\Program Files\Git\usr\bin\vendor_perl;C:\Program Files\Git\usr\bin\core_perl

Yarn version: 
  1.22.4

Node version: 
  16.14.2

Platform: 
  win32 x64

Trace: 
  Error: ENOENT: no such file or directory, open 'C:\Users\davij\AppData\Local\Yarn\Cache\v6\npm-@react-navigation-core-6.4.6-b0738667dec5927b01c4c496c2f4c73ef8a5e4dd-integrity\node_modules\@react-navigation\core\.yarn-tarball.tgz'

npm manifest: 
  {
    "name": "koobi",
    "version": "1.0.0",
    "main": "node_modules/expo/AppEntry.js",
    "scripts": {
      "start": "expo start",
      "android": "expo start --android",
      "ios": "expo start --ios",
      "web": "expo start --web"
    },
    "dependencies": {
      "@react-navigation/bottom-tabs": "^6.5.4",
      "@react-navigation/native": "^6.1.3",
      "@react-navigation/native-stack": "^6.9.9",
      "@types/react": "~18.0.24",
      "@types/react-native": "~0.70.6",
      "expo": "~47.0.12",
      "expo-status-bar": "~1.4.2",
      "react": "18.1.0",
      "react-native": "0.70.5",
      "react-native-safe-area-context": "4.4.1",
      "react-native-screens": "~3.18.0",
      "typescript": "^4.6.3"
    },
    "devDependencies": {
      "@babel/core": "^7.12.9"
    },
    "private": true
  }

yarn manifest: 
  No manifest

Lockfile: 
  No lockfile
